<?xml version="1.0" encoding="UTF-8"?>
<persistence xmlns="http://xmlns.jcp.org/xml/ns/persistence"
             xmlns:xsi="http://www.w3.org/2001/XMLSchema-instance"
             xsi:schemaLocation="http://xmlns.jcp.org/xml/ns/persistence http://xmlns.jcp.org/xml/ns/persistence/persistence_2_1.xsd"
             version="2.1">
   <persistence-unit name = "jobStorePU" transaction-type="JTA">
   		<class>com.rvillarroel.jobstore.model.Job</class>
   		
   		<properties>
            <property name="javax.persistence.schema-generation.database.action" value="drop-and-create"/>
            <property name="javax.persistence.schema-generation.scripts.action" value="drop-and-create"/>
            <property name="javax.persistence.schema-generation.scripts.create-target" value="bookStoreCreate.ddl"/>
            <property name="javax.persistence.schema-generation.scripts.drop-target" value="bookStoreDrop.ddl"/>
        </properties>
   </persistence-unit>    
             
</persistence>